<?xml version="1.0" encoding="UTF-8"?>
<!-- Generated by org.testng.reporters.JUnitXMLReporter -->
<testsuite ignored="0" hostname="LAPTOP-BIM2FR3V" failures="0" tests="4" name="Test" time="55.685" errors="0" timestamp="2024-07-23T21:36:39 IST">
  <testcase classname="scenarios.SwitchingWindows" name="switchWin" time="16.053"/>
  <testcase classname="scenarios.HandlingWebElements" name="readDynData" time="22.396"/>
  <testcase classname="scenarios.MouseActions" name="dragAndDrop" time="11.402"/>
  <testcase classname="scenarios.DynamicData" name="readDynData" time="5.769"/>
</testsuite> <!-- Test -->
