<?xml version="1.0" encoding="UTF-8"?>
<!-- Generated by org.testng.reporters.JUnitXMLReporter -->
<testsuite ignored="0" hostname="LAPTOP-BIM2FR3V" failures="0" tests="4" name="Test" time="50.318" errors="0" timestamp="2024-07-26T21:04:19 IST">
  <testcase classname="scenarios.SwitchingWindows" name="switchWin" time="15.173"/>
  <testcase classname="scenarios.HandlingWebElements" name="readDynData" time="21.012"/>
  <testcase classname="scenarios.MouseActions" name="dragAndDrop" time="10.05"/>
  <testcase classname="scenarios.DynamicData" name="readDynData" time="4.011"/>
</testsuite> <!-- Test -->
