<?xml version="1.0" encoding="UTF-8"?>
<testng-results ignored="0" total="4" passed="4" failed="0" skipped="0">
  <reporter-output>
  </reporter-output>
  <suite started-at="2024-07-23T21:35:43 IST" name="Suite" finished-at="2024-07-23T21:36:39 IST" duration-ms="55685">
    <groups>
    </groups>
    <test started-at="2024-07-23T21:35:43 IST" name="Test" finished-at="2024-07-23T21:36:39 IST" duration-ms="55685">
      <class name="scenarios.DynamicData">
        <test-method signature="readDynData()[pri:0, instance:scenarios.DynamicData@61df66b6]" started-at="2024-07-23T21:36:33 IST" name="readDynData" finished-at="2024-07-23T21:36:39 IST" duration-ms="5769" status="PASS">
          <reporter-output>
          </reporter-output>
        </test-method> <!-- readDynData -->
      </class> <!-- scenarios.DynamicData -->
      <class name="scenarios.HandlingWebElements">
        <test-method signature="readDynData()[pri:0, instance:scenarios.HandlingWebElements@243c4f91]" started-at="2024-07-23T21:35:59 IST" name="readDynData" finished-at="2024-07-23T21:36:22 IST" duration-ms="22396" status="PASS">
          <reporter-output>
          </reporter-output>
        </test-method> <!-- readDynData -->
      </class> <!-- scenarios.HandlingWebElements -->
      <class name="scenarios.SwitchingWindows">
        <test-method signature="switchWin()[pri:0, instance:scenarios.SwitchingWindows@41fbdac4]" started-at="2024-07-23T21:35:43 IST" name="switchWin" finished-at="2024-07-23T21:35:59 IST" duration-ms="16053" status="PASS">
          <reporter-output>
          </reporter-output>
        </test-method> <!-- switchWin -->
      </class> <!-- scenarios.SwitchingWindows -->
      <class name="scenarios.MouseActions">
        <test-method signature="dragAndDrop()[pri:0, instance:scenarios.MouseActions@291ae]" started-at="2024-07-23T21:36:22 IST" name="dragAndDrop" finished-at="2024-07-23T21:36:33 IST" duration-ms="11402" status="PASS">
          <reporter-output>
          </reporter-output>
        </test-method> <!-- dragAndDrop -->
      </class> <!-- scenarios.MouseActions -->
    </test> <!-- Test -->
  </suite> <!-- Suite -->
</testng-results>
